::ffff:127.0.0.1 - - [30/Aug/2020:11:57:44 +0000] "GET / HTTP/1.1" 200 10393 "-" "Mozilla/5.0 (Windows NT 10.0; Win64; x64) AppleWebKit/537.36 (KHTML, like Gecko) Chrome/84.0.4147.135 Safari/537.36"
::ffff:127.0.0.1 - - [30/Aug/2020:19:52:31 +0000] "GET /api/v1/posts HTTP/1.1" 200 1186 "-" "Mozilla/5.0 (Windows NT 10.0; Win64; x64) AppleWebKit/537.36 (KHTML, like Gecko) Chrome/84.0.4147.135 Safari/537.36"
::ffff:127.0.0.1 - - [30/Aug/2020:19:52:32 +0000] "GET /favicon.ico HTTP/1.1" 404 150 "http://localhost:8000/api/v1/posts" "Mozilla/5.0 (Windows NT 10.0; Win64; x64) AppleWebKit/537.36 (KHTML, like Gecko) Chrome/84.0.4147.135 Safari/537.36"
::1 - - [30/Aug/2020:19:56:39 +0000] "GET /api/v1/users HTTP/1.1" 404 151 "-" "Mozilla/5.0 (Windows NT 10.0; Win64; x64) AppleWebKit/537.36 (KHTML, like Gecko) Chrome/84.0.4147.135 Safari/537.36"
::1 - - [30/Aug/2020:19:56:47 +0000] "GET /api/v1/user HTTP/1.1" 404 150 "-" "Mozilla/5.0 (Windows NT 10.0; Win64; x64) AppleWebKit/537.36 (KHTML, like Gecko) Chrome/84.0.4147.135 Safari/537.36"
::1 - - [30/Aug/2020:20:08:46 +0000] "GET /api/v1/users HTTP/1.1" 404 151 "-" "Mozilla/5.0 (Windows NT 10.0; Win64; x64) AppleWebKit/537.36 (KHTML, like Gecko) Chrome/84.0.4147.135 Safari/537.36"
::1 - - [30/Aug/2020:20:09:08 +0000] "GET /api/v2/users HTTP/1.1" 404 151 "-" "Mozilla/5.0 (Windows NT 10.0; Win64; x64) AppleWebKit/537.36 (KHTML, like Gecko) Chrome/84.0.4147.135 Safari/537.36"
::1 - - [30/Aug/2020:20:09:46 +0000] "GET /api/v2/createsession HTTP/1.1" 404 159 "-" "Mozilla/5.0 (Windows NT 10.0; Win64; x64) AppleWebKit/537.36 (KHTML, like Gecko) Chrome/84.0.4147.135 Safari/537.36"
::1 - - [30/Aug/2020:20:09:52 +0000] "GET /api/v2/create-session HTTP/1.1" 404 160 "-" "Mozilla/5.0 (Windows NT 10.0; Win64; x64) AppleWebKit/537.36 (KHTML, like Gecko) Chrome/84.0.4147.135 Safari/537.36"
::1 - - [30/Aug/2020:20:10:16 +0000] "GET /api/v2/users/create-session HTTP/1.1" 404 166 "-" "Mozilla/5.0 (Windows NT 10.0; Win64; x64) AppleWebKit/537.36 (KHTML, like Gecko) Chrome/84.0.4147.135 Safari/537.36"
::1 - - [30/Aug/2020:20:10:31 +0000] "GET /api/v1/users/create-session HTTP/1.1" 404 166 "-" "Mozilla/5.0 (Windows NT 10.0; Win64; x64) AppleWebKit/537.36 (KHTML, like Gecko) Chrome/84.0.4147.135 Safari/537.36"
::1 - - [30/Aug/2020:20:13:34 +0000] "GET /api/v1/users/posts HTTP/1.1" 404 157 "-" "Mozilla/5.0 (Windows NT 10.0; Win64; x64) AppleWebKit/537.36 (KHTML, like Gecko) Chrome/84.0.4147.135 Safari/537.36"
::1 - - [30/Aug/2020:20:13:40 +0000] "GET /api/v1/posts HTTP/1.1" 200 1186 "-" "Mozilla/5.0 (Windows NT 10.0; Win64; x64) AppleWebKit/537.36 (KHTML, like Gecko) Chrome/84.0.4147.135 Safari/537.36"
::1 - - [30/Aug/2020:20:14:25 +0000] "GET /api/v1/posts HTTP/1.1" 200 1186 "-" "PostmanRuntime/7.26.1"
::1 - - [31/Aug/2020:06:44:27 +0000] "GET /api/v1/posts HTTP/1.1" 200 1186 "-" "PostmanRuntime/7.26.3"
::1 - - [31/Aug/2020:06:46:00 +0000] "POST /api/v1/users/create-session HTTP/1.1" 200 475 "-" "PostmanRuntime/7.26.3"
::1 - - [31/Aug/2020:07:28:29 +0000] "GET / HTTP/1.1" 200 10393 "-" "Mozilla/5.0 (Windows NT 10.0; Win64; x64) AppleWebKit/537.36 (KHTML, like Gecko) Chrome/84.0.4147.135 Safari/537.36"
::1 - - [31/Aug/2020:07:28:37 +0000] "GET /favicon.ico HTTP/1.1" 404 150 "http://localhost:8000/" "Mozilla/5.0 (Windows NT 10.0; Win64; x64) AppleWebKit/537.36 (KHTML, like Gecko) Chrome/84.0.4147.135 Safari/537.36"
::1 - - [31/Aug/2020:07:28:44 +0000] "GET /user/signup HTTP/1.1" 200 5273 "http://localhost:8000/" "Mozilla/5.0 (Windows NT 10.0; Win64; x64) AppleWebKit/537.36 (KHTML, like Gecko) Chrome/84.0.4147.135 Safari/537.36"
::1 - - [31/Aug/2020:07:28:46 +0000] "GET /user/auth/google HTTP/1.1" 302 0 "http://localhost:8000/user/signup" "Mozilla/5.0 (Windows NT 10.0; Win64; x64) AppleWebKit/537.36 (KHTML, like Gecko) Chrome/84.0.4147.135 Safari/537.36"
::1 - - [31/Aug/2020:07:28:53 +0000] "GET /user/auth/google/callback?code=4%2F3gFS93nnx9sXiN6o9c0z8ZoPxEXEOPeH7xqdczDMm5nzonR8HcU84z9TReWbCL-CVhHWBEVFxRfpnGDpd1xkwfY&scope=email+profile+https%3A%2F%2Fwww.googleapis.com%2Fauth%2Fuserinfo.profile+https%3A%2F%2Fwww.googleapis.com%2Fauth%2Fuserinfo.email+openid&authuser=0&prompt=consent HTTP/1.1" 302 86 "-" "Mozilla/5.0 (Windows NT 10.0; Win64; x64) AppleWebKit/537.36 (KHTML, like Gecko) Chrome/84.0.4147.135 Safari/537.36"
::1 - - [31/Aug/2020:07:28:53 +0000] "GET / HTTP/1.1" 200 13455 "-" "Mozilla/5.0 (Windows NT 10.0; Win64; x64) AppleWebKit/537.36 (KHTML, like Gecko) Chrome/84.0.4147.135 Safari/537.36"
::1 - - [31/Aug/2020:10:13:43 +0000] "GET /likes/toggle/?id=5f4398cfb4f2464ee479efcc&&type=Post HTTP/1.1" 500 34 "http://localhost:8000/" "Mozilla/5.0 (Windows NT 10.0; Win64; x64) AppleWebKit/537.36 (KHTML, like Gecko) Chrome/84.0.4147.135 Safari/537.36"
::1 - - [31/Aug/2020:10:13:45 +0000] "GET /likes/toggle/?id=5f4398cfb4f2464ee479efcc&&type=Post HTTP/1.1" 500 34 "http://localhost:8000/" "Mozilla/5.0 (Windows NT 10.0; Win64; x64) AppleWebKit/537.36 (KHTML, like Gecko) Chrome/84.0.4147.135 Safari/537.36"
::1 - - [31/Aug/2020:10:13:48 +0000] "GET / HTTP/1.1" 200 10393 "-" "Mozilla/5.0 (Windows NT 10.0; Win64; x64) AppleWebKit/537.36 (KHTML, like Gecko) Chrome/84.0.4147.135 Safari/537.36"
::1 - - [31/Aug/2020:10:25:51 +0000] "GET /calci HTTP/1.1" 200 5197 "http://localhost:8000/" "Mozilla/5.0 (Windows NT 10.0; Win64; x64) AppleWebKit/537.36 (KHTML, like Gecko) Chrome/84.0.4147.135 Safari/537.36"
::1 - - [31/Aug/2020:10:25:52 +0000] "GET /todoapp HTTP/1.1" 200 6442 "http://localhost:8000/calci" "Mozilla/5.0 (Windows NT 10.0; Win64; x64) AppleWebKit/537.36 (KHTML, like Gecko) Chrome/84.0.4147.135 Safari/537.36"
::1 - - [31/Aug/2020:10:26:06 +0000] "POST /todoapp/delete HTTP/1.1" 302 102 "http://localhost:8000/todoapp" "Mozilla/5.0 (Windows NT 10.0; Win64; x64) AppleWebKit/537.36 (KHTML, like Gecko) Chrome/84.0.4147.135 Safari/537.36"
::1 - - [31/Aug/2020:10:26:06 +0000] "GET /todoapp HTTP/1.1" 304 - "http://localhost:8000/todoapp" "Mozilla/5.0 (Windows NT 10.0; Win64; x64) AppleWebKit/537.36 (KHTML, like Gecko) Chrome/84.0.4147.135 Safari/537.36"
::1 - - [31/Aug/2020:10:26:07 +0000] "POST /todoapp/delete HTTP/1.1" 302 102 "http://localhost:8000/todoapp" "Mozilla/5.0 (Windows NT 10.0; Win64; x64) AppleWebKit/537.36 (KHTML, like Gecko) Chrome/84.0.4147.135 Safari/537.36"
::1 - - [31/Aug/2020:10:26:07 +0000] "GET /todoapp HTTP/1.1" 304 - "http://localhost:8000/todoapp" "Mozilla/5.0 (Windows NT 10.0; Win64; x64) AppleWebKit/537.36 (KHTML, like Gecko) Chrome/84.0.4147.135 Safari/537.36"
::1 - - [31/Aug/2020:10:26:08 +0000] "POST /todoapp/delete HTTP/1.1" 302 102 "http://localhost:8000/todoapp" "Mozilla/5.0 (Windows NT 10.0; Win64; x64) AppleWebKit/537.36 (KHTML, like Gecko) Chrome/84.0.4147.135 Safari/537.36"
::1 - - [31/Aug/2020:10:26:08 +0000] "GET /todoapp HTTP/1.1" 304 - "http://localhost:8000/todoapp" "Mozilla/5.0 (Windows NT 10.0; Win64; x64) AppleWebKit/537.36 (KHTML, like Gecko) Chrome/84.0.4147.135 Safari/537.36"
::1 - - [31/Aug/2020:10:26:17 +0000] "GET /todoapp HTTP/1.1" 304 - "http://localhost:8000/todoapp" "Mozilla/5.0 (Windows NT 10.0; Win64; x64) AppleWebKit/537.36 (KHTML, like Gecko) Chrome/84.0.4147.135 Safari/537.36"
::1 - - [31/Aug/2020:12:07:34 +0000] "GET /todoapp HTTP/1.1" 200 6442 "http://localhost:8000/todoapp" "Mozilla/5.0 (Windows NT 10.0; Win64; x64) AppleWebKit/537.36 (KHTML, like Gecko) Chrome/84.0.4147.135 Safari/537.36"
::1 - - [31/Aug/2020:12:07:37 +0000] "GET /todoapp HTTP/1.1" 304 - "http://localhost:8000/todoapp" "Mozilla/5.0 (Windows NT 10.0; Win64; x64) AppleWebKit/537.36 (KHTML, like Gecko) Chrome/84.0.4147.135 Safari/537.36"
::1 - - [31/Aug/2020:12:07:42 +0000] "GET / HTTP/1.1" 200 11935 "http://localhost:8000/todoapp" "Mozilla/5.0 (Windows NT 10.0; Win64; x64) AppleWebKit/537.36 (KHTML, like Gecko) Chrome/84.0.4147.135 Safari/537.36"
::1 - - [31/Aug/2020:12:07:46 +0000] "GET /calci HTTP/1.1" 200 5197 "http://localhost:8000/" "Mozilla/5.0 (Windows NT 10.0; Win64; x64) AppleWebKit/537.36 (KHTML, like Gecko) Chrome/84.0.4147.135 Safari/537.36"
[0mGET /calci [32m200[0m 41.027 ms - 5142[0m
[0mGET / [32m200[0m 96.616 ms - 11792[0m
[0mGET /dogs [32m200[0m 35.425 ms - 4396[0m
::1 - - [31/Aug/2020:12:12:44 +0000] "GET /dogs HTTP/1.1" 200 4462 "http://localhost:8000/" "Mozilla/5.0 (Windows NT 10.0; Win64; x64) AppleWebKit/537.36 (KHTML, like Gecko) Chrome/84.0.4147.135 Safari/537.36"
::1 - - [31/Aug/2020:12:12:47 +0000] "GET /todoapp HTTP/1.1" 200 6442 "http://localhost:8000/dogs" "Mozilla/5.0 (Windows NT 10.0; Win64; x64) AppleWebKit/537.36 (KHTML, like Gecko) Chrome/84.0.4147.135 Safari/537.36"
::1 - - [31/Aug/2020:12:12:48 +0000] "GET /calci HTTP/1.1" 200 5197 "http://localhost:8000/todoapp" "Mozilla/5.0 (Windows NT 10.0; Win64; x64) AppleWebKit/537.36 (KHTML, like Gecko) Chrome/84.0.4147.135 Safari/537.36"
::1 - - [31/Aug/2020:12:12:50 +0000] "GET /dogs HTTP/1.1" 304 - "http://localhost:8000/calci" "Mozilla/5.0 (Windows NT 10.0; Win64; x64) AppleWebKit/537.36 (KHTML, like Gecko) Chrome/84.0.4147.135 Safari/537.36"
::1 - - [31/Aug/2020:12:26:01 +0000] "GET /calci HTTP/1.1" 304 - "http://localhost:8000/dogs" "Mozilla/5.0 (Windows NT 10.0; Win64; x64) AppleWebKit/537.36 (KHTML, like Gecko) Chrome/84.0.4147.135 Safari/537.36"
::1 - - [31/Aug/2020:12:26:04 +0000] "GET / HTTP/1.1" 200 10393 "http://localhost:8000/calci" "Mozilla/5.0 (Windows NT 10.0; Win64; x64) AppleWebKit/537.36 (KHTML, like Gecko) Chrome/84.0.4147.135 Safari/537.36"
::1 - - [31/Aug/2020:15:54:17 +0000] "GET /dogs HTTP/1.1" 304 - "http://localhost:8000/" "Mozilla/5.0 (Windows NT 10.0; Win64; x64) AppleWebKit/537.36 (KHTML, like Gecko) Chrome/84.0.4147.135 Safari/537.36"
::1 - - [31/Aug/2020:16:31:23 +0000] "GET /user/signin HTTP/1.1" 200 4973 "http://localhost:8000/dogs" "Mozilla/5.0 (Windows NT 10.0; Win64; x64) AppleWebKit/537.36 (KHTML, like Gecko) Chrome/84.0.4147.135 Safari/537.36"
::1 - - [31/Aug/2020:16:31:29 +0000] "GET /user/signup HTTP/1.1" 200 5273 "http://localhost:8000/user/signin" "Mozilla/5.0 (Windows NT 10.0; Win64; x64) AppleWebKit/537.36 (KHTML, like Gecko) Chrome/84.0.4147.135 Safari/537.36"
::1 - - [31/Aug/2020:16:31:33 +0000] "GET /user/auth/google HTTP/1.1" 302 0 "http://localhost:8000/user/signup" "Mozilla/5.0 (Windows NT 10.0; Win64; x64) AppleWebKit/537.36 (KHTML, like Gecko) Chrome/84.0.4147.135 Safari/537.36"
