::1 - - [19/Jul/2020:08:49:14 +0000] "GET / HTTP/1.1" 304 - "-" "Mozilla/5.0 (Windows NT 10.0; Win64; x64) AppleWebKit/537.36 (KHTML, like Gecko) Chrome/83.0.4103.116 Safari/537.36"
::1 - - [19/Jul/2020:08:49:14 +0000] "GET /uploads/users/avatars/avatar-1594538340336.png HTTP/1.1" 404 185 "http://localhost:8000/" "Mozilla/5.0 (Windows NT 10.0; Win64; x64) AppleWebKit/537.36 (KHTML, like Gecko) Chrome/83.0.4103.116 Safari/537.36"
::1 - - [19/Jul/2020:13:00:27 +0000] "GET / HTTP/1.1" 500 148 "-" "Mozilla/5.0 (Windows NT 10.0; Win64; x64) AppleWebKit/537.36 (KHTML, like Gecko) Chrome/83.0.4103.116 Safari/537.36"
::1 - - [19/Jul/2020:13:00:27 +0000] "GET / HTTP/1.1" 500 148 "-" "Mozilla/5.0 (Windows NT 10.0; Win64; x64) AppleWebKit/537.36 (KHTML, like Gecko) Chrome/83.0.4103.116 Safari/537.36"
::1 - - [19/Jul/2020:13:01:39 +0000] "GET / HTTP/1.1" 200 2472 "-" "Mozilla/5.0 (Windows NT 10.0; Win64; x64) AppleWebKit/537.36 (KHTML, like Gecko) Chrome/83.0.4103.116 Safari/537.36"
::1 - - [19/Jul/2020:13:01:39 +0000] "GET /css/layout-4452565d19.css HTTP/1.1" 404 164 "http://localhost:8000/" "Mozilla/5.0 (Windows NT 10.0; Win64; x64) AppleWebKit/537.36 (KHTML, like Gecko) Chrome/83.0.4103.116 Safari/537.36"
::1 - - [19/Jul/2020:13:01:39 +0000] "GET /css/header-4ad80728a0.css HTTP/1.1" 404 164 "http://localhost:8000/" "Mozilla/5.0 (Windows NT 10.0; Win64; x64) AppleWebKit/537.36 (KHTML, like Gecko) Chrome/83.0.4103.116 Safari/537.36"
::1 - - [19/Jul/2020:13:01:39 +0000] "GET /css/footer-a0c25813d9.css HTTP/1.1" 404 164 "http://localhost:8000/" "Mozilla/5.0 (Windows NT 10.0; Win64; x64) AppleWebKit/537.36 (KHTML, like Gecko) Chrome/83.0.4103.116 Safari/537.36"
::1 - - [19/Jul/2020:13:01:39 +0000] "GET /css/layout-4452565d19.css HTTP/1.1" 404 164 "http://localhost:8000/" "Mozilla/5.0 (Windows NT 10.0; Win64; x64) AppleWebKit/537.36 (KHTML, like Gecko) Chrome/83.0.4103.116 Safari/537.36"
::1 - - [19/Jul/2020:13:01:39 +0000] "GET /css/header-4ad80728a0.css HTTP/1.1" 404 164 "http://localhost:8000/" "Mozilla/5.0 (Windows NT 10.0; Win64; x64) AppleWebKit/537.36 (KHTML, like Gecko) Chrome/83.0.4103.116 Safari/537.36"
::1 - - [19/Jul/2020:13:01:39 +0000] "GET /css/footer-a0c25813d9.css HTTP/1.1" 404 164 "http://localhost:8000/" "Mozilla/5.0 (Windows NT 10.0; Win64; x64) AppleWebKit/537.36 (KHTML, like Gecko) Chrome/83.0.4103.116 Safari/537.36"
::1 - - [19/Jul/2020:13:01:39 +0000] "GET /uploads/users/avatars/avatar-1594538340336.png HTTP/1.1" 404 185 "http://localhost:8000/" "Mozilla/5.0 (Windows NT 10.0; Win64; x64) AppleWebKit/537.36 (KHTML, like Gecko) Chrome/83.0.4103.116 Safari/537.36"
::1 - - [19/Jul/2020:13:01:48 +0000] "GET /user/signin HTTP/1.1" 200 1412 "http://localhost:8000/" "Mozilla/5.0 (Windows NT 10.0; Win64; x64) AppleWebKit/537.36 (KHTML, like Gecko) Chrome/83.0.4103.116 Safari/537.36"
::1 - - [19/Jul/2020:13:01:48 +0000] "GET /css/layout-4452565d19.css HTTP/1.1" 404 164 "http://localhost:8000/user/signin" "Mozilla/5.0 (Windows NT 10.0; Win64; x64) AppleWebKit/537.36 (KHTML, like Gecko) Chrome/83.0.4103.116 Safari/537.36"
::1 - - [19/Jul/2020:13:01:48 +0000] "GET /css/header-4ad80728a0.css HTTP/1.1" 404 164 "http://localhost:8000/user/signin" "Mozilla/5.0 (Windows NT 10.0; Win64; x64) AppleWebKit/537.36 (KHTML, like Gecko) Chrome/83.0.4103.116 Safari/537.36"
::1 - - [19/Jul/2020:13:01:48 +0000] "GET /css/footer-a0c25813d9.css HTTP/1.1" 404 164 "http://localhost:8000/user/signin" "Mozilla/5.0 (Windows NT 10.0; Win64; x64) AppleWebKit/537.36 (KHTML, like Gecko) Chrome/83.0.4103.116 Safari/537.36"
::1 - - [19/Jul/2020:13:01:48 +0000] "GET /css/layout-4452565d19.css HTTP/1.1" 404 164 "http://localhost:8000/user/signin" "Mozilla/5.0 (Windows NT 10.0; Win64; x64) AppleWebKit/537.36 (KHTML, like Gecko) Chrome/83.0.4103.116 Safari/537.36"
::1 - - [19/Jul/2020:13:01:48 +0000] "GET /css/header-4ad80728a0.css HTTP/1.1" 404 164 "http://localhost:8000/user/signin" "Mozilla/5.0 (Windows NT 10.0; Win64; x64) AppleWebKit/537.36 (KHTML, like Gecko) Chrome/83.0.4103.116 Safari/537.36"
::1 - - [19/Jul/2020:13:01:48 +0000] "GET /css/footer-a0c25813d9.css HTTP/1.1" 404 164 "http://localhost:8000/user/signin" "Mozilla/5.0 (Windows NT 10.0; Win64; x64) AppleWebKit/537.36 (KHTML, like Gecko) Chrome/83.0.4103.116 Safari/537.36"
::1 - - [19/Jul/2020:13:02:35 +0000] "GET /user/signin HTTP/1.1" 304 - "http://localhost:8000/" "Mozilla/5.0 (Windows NT 10.0; Win64; x64) AppleWebKit/537.36 (KHTML, like Gecko) Chrome/83.0.4103.116 Safari/537.36"
::1 - - [19/Jul/2020:13:02:35 +0000] "GET /css/layout-4452565d19.css HTTP/1.1" 404 164 "http://localhost:8000/user/signin" "Mozilla/5.0 (Windows NT 10.0; Win64; x64) AppleWebKit/537.36 (KHTML, like Gecko) Chrome/83.0.4103.116 Safari/537.36"
::1 - - [19/Jul/2020:13:02:35 +0000] "GET /css/header-4ad80728a0.css HTTP/1.1" 404 164 "http://localhost:8000/user/signin" "Mozilla/5.0 (Windows NT 10.0; Win64; x64) AppleWebKit/537.36 (KHTML, like Gecko) Chrome/83.0.4103.116 Safari/537.36"
::1 - - [19/Jul/2020:13:02:35 +0000] "GET /css/footer-a0c25813d9.css HTTP/1.1" 404 164 "http://localhost:8000/user/signin" "Mozilla/5.0 (Windows NT 10.0; Win64; x64) AppleWebKit/537.36 (KHTML, like Gecko) Chrome/83.0.4103.116 Safari/537.36"
::1 - - [19/Jul/2020:13:02:35 +0000] "GET /css/layout-4452565d19.css HTTP/1.1" 404 164 "http://localhost:8000/user/signin" "Mozilla/5.0 (Windows NT 10.0; Win64; x64) AppleWebKit/537.36 (KHTML, like Gecko) Chrome/83.0.4103.116 Safari/537.36"
::1 - - [19/Jul/2020:13:02:35 +0000] "GET /css/header-4ad80728a0.css HTTP/1.1" 404 164 "http://localhost:8000/user/signin" "Mozilla/5.0 (Windows NT 10.0; Win64; x64) AppleWebKit/537.36 (KHTML, like Gecko) Chrome/83.0.4103.116 Safari/537.36"
::1 - - [19/Jul/2020:13:02:35 +0000] "GET /css/footer-a0c25813d9.css HTTP/1.1" 404 164 "http://localhost:8000/user/signin" "Mozilla/5.0 (Windows NT 10.0; Win64; x64) AppleWebKit/537.36 (KHTML, like Gecko) Chrome/83.0.4103.116 Safari/537.36"
::1 - - [19/Jul/2020:13:02:37 +0000] "GET /user/signin HTTP/1.1" 304 - "http://localhost:8000/" "Mozilla/5.0 (Windows NT 10.0; Win64; x64) AppleWebKit/537.36 (KHTML, like Gecko) Chrome/83.0.4103.116 Safari/537.36"
::1 - - [19/Jul/2020:13:02:37 +0000] "GET /css/layout-4452565d19.css HTTP/1.1" 404 164 "http://localhost:8000/user/signin" "Mozilla/5.0 (Windows NT 10.0; Win64; x64) AppleWebKit/537.36 (KHTML, like Gecko) Chrome/83.0.4103.116 Safari/537.36"
::1 - - [19/Jul/2020:13:02:37 +0000] "GET /css/header-4ad80728a0.css HTTP/1.1" 404 164 "http://localhost:8000/user/signin" "Mozilla/5.0 (Windows NT 10.0; Win64; x64) AppleWebKit/537.36 (KHTML, like Gecko) Chrome/83.0.4103.116 Safari/537.36"
::1 - - [19/Jul/2020:13:02:37 +0000] "GET /css/footer-a0c25813d9.css HTTP/1.1" 404 164 "http://localhost:8000/user/signin" "Mozilla/5.0 (Windows NT 10.0; Win64; x64) AppleWebKit/537.36 (KHTML, like Gecko) Chrome/83.0.4103.116 Safari/537.36"
::1 - - [19/Jul/2020:13:02:41 +0000] "GET / HTTP/1.1" 304 - "-" "Mozilla/5.0 (Windows NT 10.0; Win64; x64) AppleWebKit/537.36 (KHTML, like Gecko) Chrome/83.0.4103.116 Safari/537.36"
::1 - - [19/Jul/2020:13:02:41 +0000] "GET /css/layout-4452565d19.css HTTP/1.1" 404 164 "http://localhost:8000/" "Mozilla/5.0 (Windows NT 10.0; Win64; x64) AppleWebKit/537.36 (KHTML, like Gecko) Chrome/83.0.4103.116 Safari/537.36"
::1 - - [19/Jul/2020:13:02:41 +0000] "GET /css/header-4ad80728a0.css HTTP/1.1" 404 164 "http://localhost:8000/" "Mozilla/5.0 (Windows NT 10.0; Win64; x64) AppleWebKit/537.36 (KHTML, like Gecko) Chrome/83.0.4103.116 Safari/537.36"
::1 - - [19/Jul/2020:13:02:41 +0000] "GET /css/footer-a0c25813d9.css HTTP/1.1" 404 164 "http://localhost:8000/" "Mozilla/5.0 (Windows NT 10.0; Win64; x64) AppleWebKit/537.36 (KHTML, like Gecko) Chrome/83.0.4103.116 Safari/537.36"
::1 - - [19/Jul/2020:13:02:41 +0000] "GET /uploads/users/avatars/avatar-1594538340336.png HTTP/1.1" 404 185 "http://localhost:8000/" "Mozilla/5.0 (Windows NT 10.0; Win64; x64) AppleWebKit/537.36 (KHTML, like Gecko) Chrome/83.0.4103.116 Safari/537.36"
::1 - - [19/Jul/2020:13:02:42 +0000] "GET / HTTP/1.1" 304 - "-" "Mozilla/5.0 (Windows NT 10.0; Win64; x64) AppleWebKit/537.36 (KHTML, like Gecko) Chrome/83.0.4103.116 Safari/537.36"
::1 - - [19/Jul/2020:13:02:42 +0000] "GET /css/layout-4452565d19.css HTTP/1.1" 404 164 "http://localhost:8000/" "Mozilla/5.0 (Windows NT 10.0; Win64; x64) AppleWebKit/537.36 (KHTML, like Gecko) Chrome/83.0.4103.116 Safari/537.36"
::1 - - [19/Jul/2020:13:02:42 +0000] "GET /css/header-4ad80728a0.css HTTP/1.1" 404 164 "http://localhost:8000/" "Mozilla/5.0 (Windows NT 10.0; Win64; x64) AppleWebKit/537.36 (KHTML, like Gecko) Chrome/83.0.4103.116 Safari/537.36"
::1 - - [19/Jul/2020:13:02:42 +0000] "GET /css/footer-a0c25813d9.css HTTP/1.1" 404 164 "http://localhost:8000/" "Mozilla/5.0 (Windows NT 10.0; Win64; x64) AppleWebKit/537.36 (KHTML, like Gecko) Chrome/83.0.4103.116 Safari/537.36"
::1 - - [19/Jul/2020:13:02:42 +0000] "GET /uploads/users/avatars/avatar-1594538340336.png HTTP/1.1" 404 185 "http://localhost:8000/" "Mozilla/5.0 (Windows NT 10.0; Win64; x64) AppleWebKit/537.36 (KHTML, like Gecko) Chrome/83.0.4103.116 Safari/537.36"
::1 - - [19/Jul/2020:13:04:44 +0000] "GET / HTTP/1.1" 500 148 "-" "Mozilla/5.0 (Windows NT 10.0; Win64; x64) AppleWebKit/537.36 (KHTML, like Gecko) Chrome/83.0.4103.116 Safari/537.36"
::1 - - [19/Jul/2020:13:07:19 +0000] "GET / HTTP/1.1" 500 148 "-" "Mozilla/5.0 (Windows NT 10.0; Win64; x64) AppleWebKit/537.36 (KHTML, like Gecko) Chrome/83.0.4103.116 Safari/537.36"
::1 - - [19/Jul/2020:13:07:40 +0000] "GET / HTTP/1.1" 200 2472 "-" "Mozilla/5.0 (Windows NT 10.0; Win64; x64) AppleWebKit/537.36 (KHTML, like Gecko) Chrome/83.0.4103.116 Safari/537.36"
::1 - - [19/Jul/2020:13:07:40 +0000] "GET /css/layout-4452565d19.css HTTP/1.1" 404 164 "http://localhost:8000/" "Mozilla/5.0 (Windows NT 10.0; Win64; x64) AppleWebKit/537.36 (KHTML, like Gecko) Chrome/83.0.4103.116 Safari/537.36"
::ffff:127.0.0.1 - - [19/Jul/2020:13:07:40 +0000] "GET /css/footer-a0c25813d9.css HTTP/1.1" 404 164 "http://localhost:8000/" "Mozilla/5.0 (Windows NT 10.0; Win64; x64) AppleWebKit/537.36 (KHTML, like Gecko) Chrome/83.0.4103.116 Safari/537.36"
::ffff:127.0.0.1 - - [19/Jul/2020:13:07:40 +0000] "GET /css/header-4ad80728a0.css HTTP/1.1" 404 164 "http://localhost:8000/" "Mozilla/5.0 (Windows NT 10.0; Win64; x64) AppleWebKit/537.36 (KHTML, like Gecko) Chrome/83.0.4103.116 Safari/537.36"
::1 - - [19/Jul/2020:13:07:40 +0000] "GET /css/header-4ad80728a0.css HTTP/1.1" 404 164 "http://localhost:8000/" "Mozilla/5.0 (Windows NT 10.0; Win64; x64) AppleWebKit/537.36 (KHTML, like Gecko) Chrome/83.0.4103.116 Safari/537.36"
::ffff:127.0.0.1 - - [19/Jul/2020:13:07:40 +0000] "GET /css/layout-4452565d19.css HTTP/1.1" 404 164 "http://localhost:8000/" "Mozilla/5.0 (Windows NT 10.0; Win64; x64) AppleWebKit/537.36 (KHTML, like Gecko) Chrome/83.0.4103.116 Safari/537.36"
::1 - - [19/Jul/2020:13:07:40 +0000] "GET /css/footer-a0c25813d9.css HTTP/1.1" 404 164 "http://localhost:8000/" "Mozilla/5.0 (Windows NT 10.0; Win64; x64) AppleWebKit/537.36 (KHTML, like Gecko) Chrome/83.0.4103.116 Safari/537.36"
::1 - - [19/Jul/2020:13:07:40 +0000] "GET /uploads/users/avatars/avatar-1594538340336.png HTTP/1.1" 404 185 "http://localhost:8000/" "Mozilla/5.0 (Windows NT 10.0; Win64; x64) AppleWebKit/537.36 (KHTML, like Gecko) Chrome/83.0.4103.116 Safari/537.36"
::1 - - [19/Jul/2020:13:07:44 +0000] "GET /user/signin HTTP/1.1" 304 - "http://localhost:8000/" "Mozilla/5.0 (Windows NT 10.0; Win64; x64) AppleWebKit/537.36 (KHTML, like Gecko) Chrome/83.0.4103.116 Safari/537.36"
::1 - - [19/Jul/2020:13:07:44 +0000] "GET /css/layout-4452565d19.css HTTP/1.1" 404 164 "http://localhost:8000/user/signin" "Mozilla/5.0 (Windows NT 10.0; Win64; x64) AppleWebKit/537.36 (KHTML, like Gecko) Chrome/83.0.4103.116 Safari/537.36"
::1 - - [19/Jul/2020:13:07:44 +0000] "GET /css/footer-a0c25813d9.css HTTP/1.1" 404 164 "http://localhost:8000/user/signin" "Mozilla/5.0 (Windows NT 10.0; Win64; x64) AppleWebKit/537.36 (KHTML, like Gecko) Chrome/83.0.4103.116 Safari/537.36"
::1 - - [19/Jul/2020:13:07:44 +0000] "GET /css/header-4ad80728a0.css HTTP/1.1" 404 164 "http://localhost:8000/user/signin" "Mozilla/5.0 (Windows NT 10.0; Win64; x64) AppleWebKit/537.36 (KHTML, like Gecko) Chrome/83.0.4103.116 Safari/537.36"
::1 - - [19/Jul/2020:13:07:44 +0000] "GET /css/layout-4452565d19.css HTTP/1.1" 404 164 "http://localhost:8000/user/signin" "Mozilla/5.0 (Windows NT 10.0; Win64; x64) AppleWebKit/537.36 (KHTML, like Gecko) Chrome/83.0.4103.116 Safari/537.36"
::1 - - [19/Jul/2020:13:07:44 +0000] "GET /css/header-4ad80728a0.css HTTP/1.1" 404 164 "http://localhost:8000/user/signin" "Mozilla/5.0 (Windows NT 10.0; Win64; x64) AppleWebKit/537.36 (KHTML, like Gecko) Chrome/83.0.4103.116 Safari/537.36"
::1 - - [19/Jul/2020:13:07:44 +0000] "GET /css/footer-a0c25813d9.css HTTP/1.1" 404 164 "http://localhost:8000/user/signin" "Mozilla/5.0 (Windows NT 10.0; Win64; x64) AppleWebKit/537.36 (KHTML, like Gecko) Chrome/83.0.4103.116 Safari/537.36"
::1 - - [19/Jul/2020:13:07:45 +0000] "GET /user/auth/google HTTP/1.1" 302 0 "http://localhost:8000/user/signin" "Mozilla/5.0 (Windows NT 10.0; Win64; x64) AppleWebKit/537.36 (KHTML, like Gecko) Chrome/83.0.4103.116 Safari/537.36"
::1 - - [19/Jul/2020:13:07:50 +0000] "GET /user/auth/google/callback?code=4%2F2AFdD89OYUMejpvsknIigusxQtHaMrnWHhD0Ujk6gkVvkLHrpaHoHF3eZ1fHlBPlllyJXGObMkguPeaF_D7in18&scope=email+profile+https%3A%2F%2Fwww.googleapis.com%2Fauth%2Fuserinfo.profile+https%3A%2F%2Fwww.googleapis.com%2Fauth%2Fuserinfo.email+openid&authuser=0&prompt=consent HTTP/1.1" 302 46 "-" "Mozilla/5.0 (Windows NT 10.0; Win64; x64) AppleWebKit/537.36 (KHTML, like Gecko) Chrome/83.0.4103.116 Safari/537.36"
::1 - - [19/Jul/2020:13:07:50 +0000] "GET / HTTP/1.1" 200 4152 "-" "Mozilla/5.0 (Windows NT 10.0; Win64; x64) AppleWebKit/537.36 (KHTML, like Gecko) Chrome/83.0.4103.116 Safari/537.36"
::1 - - [19/Jul/2020:13:07:50 +0000] "GET /css/layout-4452565d19.css HTTP/1.1" 404 164 "http://localhost:8000/" "Mozilla/5.0 (Windows NT 10.0; Win64; x64) AppleWebKit/537.36 (KHTML, like Gecko) Chrome/83.0.4103.116 Safari/537.36"
::1 - - [19/Jul/2020:13:07:50 +0000] "GET /css/header-4ad80728a0.css HTTP/1.1" 404 164 "http://localhost:8000/" "Mozilla/5.0 (Windows NT 10.0; Win64; x64) AppleWebKit/537.36 (KHTML, like Gecko) Chrome/83.0.4103.116 Safari/537.36"
::1 - - [19/Jul/2020:13:07:50 +0000] "GET /css/footer-a0c25813d9.css HTTP/1.1" 404 164 "http://localhost:8000/" "Mozilla/5.0 (Windows NT 10.0; Win64; x64) AppleWebKit/537.36 (KHTML, like Gecko) Chrome/83.0.4103.116 Safari/537.36"
::1 - - [19/Jul/2020:13:07:50 +0000] "GET /css/layout-4452565d19.css HTTP/1.1" 404 164 "http://localhost:8000/" "Mozilla/5.0 (Windows NT 10.0; Win64; x64) AppleWebKit/537.36 (KHTML, like Gecko) Chrome/83.0.4103.116 Safari/537.36"
::1 - - [19/Jul/2020:13:07:50 +0000] "GET /css/header-4ad80728a0.css HTTP/1.1" 404 164 "http://localhost:8000/" "Mozilla/5.0 (Windows NT 10.0; Win64; x64) AppleWebKit/537.36 (KHTML, like Gecko) Chrome/83.0.4103.116 Safari/537.36"
::1 - - [19/Jul/2020:13:07:50 +0000] "GET /css/footer-a0c25813d9.css HTTP/1.1" 404 164 "http://localhost:8000/" "Mozilla/5.0 (Windows NT 10.0; Win64; x64) AppleWebKit/537.36 (KHTML, like Gecko) Chrome/83.0.4103.116 Safari/537.36"
::1 - - [19/Jul/2020:13:07:50 +0000] "GET /uploads/users/avatars/avatar-1594538340336.png HTTP/1.1" 404 185 "http://localhost:8000/" "Mozilla/5.0 (Windows NT 10.0; Win64; x64) AppleWebKit/537.36 (KHTML, like Gecko) Chrome/83.0.4103.116 Safari/537.36"
::1 - - [19/Jul/2020:13:07:56 +0000] "GET /likes/toggle/?id=5f13fa134ef1522f10bc6d9c&&type=Post HTTP/1.1" 200 299 "http://localhost:8000/" "Mozilla/5.0 (Windows NT 10.0; Win64; x64) AppleWebKit/537.36 (KHTML, like Gecko) Chrome/83.0.4103.116 Safari/537.36"
::1 - - [19/Jul/2020:13:07:57 +0000] "GET /likes/toggle/?id=5f13fa134ef1522f10bc6d9c&&type=Post HTTP/1.1" 200 264 "http://localhost:8000/" "Mozilla/5.0 (Windows NT 10.0; Win64; x64) AppleWebKit/537.36 (KHTML, like Gecko) Chrome/83.0.4103.116 Safari/537.36"
::1 - - [19/Jul/2020:13:07:57 +0000] "GET /likes/toggle/?id=5f13fa134ef1522f10bc6d9c&&type=Post HTTP/1.1" 200 299 "http://localhost:8000/" "Mozilla/5.0 (Windows NT 10.0; Win64; x64) AppleWebKit/537.36 (KHTML, like Gecko) Chrome/83.0.4103.116 Safari/537.36"
::1 - - [19/Jul/2020:13:07:57 +0000] "GET /likes/toggle/?id=5f13fa134ef1522f10bc6d9c&&type=Post HTTP/1.1" 200 264 "http://localhost:8000/" "Mozilla/5.0 (Windows NT 10.0; Win64; x64) AppleWebKit/537.36 (KHTML, like Gecko) Chrome/83.0.4103.116 Safari/537.36"
::1 - - [19/Jul/2020:13:07:58 +0000] "GET /likes/toggle/?id=5f13fa134ef1522f10bc6d9c&&type=Post HTTP/1.1" 200 299 "http://localhost:8000/" "Mozilla/5.0 (Windows NT 10.0; Win64; x64) AppleWebKit/537.36 (KHTML, like Gecko) Chrome/83.0.4103.116 Safari/537.36"
::1 - - [19/Jul/2020:13:08:04 +0000] "POST /post/add HTTP/1.1" 200 443 "http://localhost:8000/" "Mozilla/5.0 (Windows NT 10.0; Win64; x64) AppleWebKit/537.36 (KHTML, like Gecko) Chrome/83.0.4103.116 Safari/537.36"
::1 - - [19/Jul/2020:16:03:06 +0000] "GET / HTTP/1.1" 200 2965 "-" "Mozilla/5.0 (Windows NT 10.0; Win64; x64) AppleWebKit/537.36 (KHTML, like Gecko) Chrome/83.0.4103.116 Safari/537.36"
::1 - - [19/Jul/2020:16:03:06 +0000] "GET /css/layout-4452565d19.css HTTP/1.1" 404 164 "http://localhost:8000/" "Mozilla/5.0 (Windows NT 10.0; Win64; x64) AppleWebKit/537.36 (KHTML, like Gecko) Chrome/83.0.4103.116 Safari/537.36"
::1 - - [19/Jul/2020:16:03:06 +0000] "GET /css/header-4ad80728a0.css HTTP/1.1" 404 164 "http://localhost:8000/" "Mozilla/5.0 (Windows NT 10.0; Win64; x64) AppleWebKit/537.36 (KHTML, like Gecko) Chrome/83.0.4103.116 Safari/537.36"
::1 - - [19/Jul/2020:16:03:06 +0000] "GET /css/footer-a0c25813d9.css HTTP/1.1" 404 164 "http://localhost:8000/" "Mozilla/5.0 (Windows NT 10.0; Win64; x64) AppleWebKit/537.36 (KHTML, like Gecko) Chrome/83.0.4103.116 Safari/537.36"
::1 - - [19/Jul/2020:16:03:06 +0000] "GET /css/layout-4452565d19.css HTTP/1.1" 404 164 "http://localhost:8000/" "Mozilla/5.0 (Windows NT 10.0; Win64; x64) AppleWebKit/537.36 (KHTML, like Gecko) Chrome/83.0.4103.116 Safari/537.36"
::1 - - [19/Jul/2020:16:03:06 +0000] "GET /css/header-4ad80728a0.css HTTP/1.1" 404 164 "http://localhost:8000/" "Mozilla/5.0 (Windows NT 10.0; Win64; x64) AppleWebKit/537.36 (KHTML, like Gecko) Chrome/83.0.4103.116 Safari/537.36"
::1 - - [19/Jul/2020:16:03:06 +0000] "GET /css/footer-a0c25813d9.css HTTP/1.1" 404 164 "http://localhost:8000/" "Mozilla/5.0 (Windows NT 10.0; Win64; x64) AppleWebKit/537.36 (KHTML, like Gecko) Chrome/83.0.4103.116 Safari/537.36"
::1 - - [19/Jul/2020:16:03:06 +0000] "GET /uploads/users/avatars/avatar-1594538340336.png HTTP/1.1" 404 185 "http://localhost:8000/" "Mozilla/5.0 (Windows NT 10.0; Win64; x64) AppleWebKit/537.36 (KHTML, like Gecko) Chrome/83.0.4103.116 Safari/537.36"
::1 - - [19/Jul/2020:16:03:08 +0000] "GET / HTTP/1.1" 304 - "-" "Mozilla/5.0 (Windows NT 10.0; Win64; x64) AppleWebKit/537.36 (KHTML, like Gecko) Chrome/83.0.4103.116 Safari/537.36"
::1 - - [19/Jul/2020:16:03:08 +0000] "GET /css/layout-4452565d19.css HTTP/1.1" 404 164 "http://localhost:8000/" "Mozilla/5.0 (Windows NT 10.0; Win64; x64) AppleWebKit/537.36 (KHTML, like Gecko) Chrome/83.0.4103.116 Safari/537.36"
::1 - - [19/Jul/2020:16:03:08 +0000] "GET /css/header-4ad80728a0.css HTTP/1.1" 404 164 "http://localhost:8000/" "Mozilla/5.0 (Windows NT 10.0; Win64; x64) AppleWebKit/537.36 (KHTML, like Gecko) Chrome/83.0.4103.116 Safari/537.36"
::1 - - [19/Jul/2020:16:03:08 +0000] "GET /css/footer-a0c25813d9.css HTTP/1.1" 404 164 "http://localhost:8000/" "Mozilla/5.0 (Windows NT 10.0; Win64; x64) AppleWebKit/537.36 (KHTML, like Gecko) Chrome/83.0.4103.116 Safari/537.36"
::1 - - [19/Jul/2020:16:03:08 +0000] "GET /css/layout-4452565d19.css HTTP/1.1" 404 164 "http://localhost:8000/" "Mozilla/5.0 (Windows NT 10.0; Win64; x64) AppleWebKit/537.36 (KHTML, like Gecko) Chrome/83.0.4103.116 Safari/537.36"
::1 - - [19/Jul/2020:16:03:08 +0000] "GET /css/header-4ad80728a0.css HTTP/1.1" 404 164 "http://localhost:8000/" "Mozilla/5.0 (Windows NT 10.0; Win64; x64) AppleWebKit/537.36 (KHTML, like Gecko) Chrome/83.0.4103.116 Safari/537.36"
::1 - - [19/Jul/2020:16:03:08 +0000] "GET /css/footer-a0c25813d9.css HTTP/1.1" 404 164 "http://localhost:8000/" "Mozilla/5.0 (Windows NT 10.0; Win64; x64) AppleWebKit/537.36 (KHTML, like Gecko) Chrome/83.0.4103.116 Safari/537.36"
::1 - - [19/Jul/2020:16:03:08 +0000] "GET /uploads/users/avatars/avatar-1594538340336.png HTTP/1.1" 404 185 "http://localhost:8000/" "Mozilla/5.0 (Windows NT 10.0; Win64; x64) AppleWebKit/537.36 (KHTML, like Gecko) Chrome/83.0.4103.116 Safari/537.36"
